2013-04-23 15:58:18,883 INFO  [DefaultSoapUICore] initialized soapui-settings from [/usr/local/soapui-4.5.1/soapui-settings.xml]
2013-04-23 15:58:22,336 INFO  [SoapUI] Used java version: 1.7.0_15
2013-04-23 15:58:26,678 INFO  [b] XULRunner is already extracted to /home/bissoqu1/.JxBrowser/xulrunner-linux-version-1.9.2.1/xulrunner-linux-64
2013-04-23 15:58:52,899 INFO  [SchemaUtils] Added default schema from file:/usr/local/soapui-4.5.1/bin/soapui-4.5.1.jar!/com/eviware/soapui/resources/xsds/xop.xsd with targetNamespace http://www.w3.org/2004/08/xop/include
2013-04-23 15:58:53,020 INFO  [SchemaUtils] Added default schema from file:/usr/local/soapui-4.5.1/bin/soapui-4.5.1.jar!/com/eviware/soapui/resources/xsds/XMLSchema.xsd with targetNamespace http://www.w3.org/2001/XMLSchema
2013-04-23 15:58:53,023 INFO  [SchemaUtils] Added default schema from file:/usr/local/soapui-4.5.1/bin/soapui-4.5.1.jar!/com/eviware/soapui/resources/xsds/xml.xsd with targetNamespace http://www.w3.org/XML/1998/namespace
2013-04-23 15:58:53,024 INFO  [SchemaUtils] Added default schema from file:/usr/local/soapui-4.5.1/bin/soapui-4.5.1.jar!/com/eviware/soapui/resources/xsds/swaref.xsd with targetNamespace http://ws-i.org/profiles/basic/1.1/xsd
2013-04-23 15:58:53,027 INFO  [SchemaUtils] Added default schema from file:/usr/local/soapui-4.5.1/bin/soapui-4.5.1.jar!/com/eviware/soapui/resources/xsds/xmime200505.xsd with targetNamespace http://www.w3.org/2005/05/xmlmime
2013-04-23 15:58:53,029 INFO  [SchemaUtils] Added default schema from file:/usr/local/soapui-4.5.1/bin/soapui-4.5.1.jar!/com/eviware/soapui/resources/xsds/xmime200411.xsd with targetNamespace http://www.w3.org/2004/11/xmlmime
2013-04-23 15:58:53,033 INFO  [SchemaUtils] Added default schema from file:/usr/local/soapui-4.5.1/bin/soapui-4.5.1.jar!/com/eviware/soapui/resources/xsds/soapEnvelope.xsd with targetNamespace http://schemas.xmlsoap.org/soap/envelope/
2013-04-23 15:58:53,045 INFO  [SchemaUtils] Added default schema from file:/usr/local/soapui-4.5.1/bin/soapui-4.5.1.jar!/com/eviware/soapui/resources/xsds/soapEncoding.xsd with targetNamespace http://schemas.xmlsoap.org/soap/encoding/
2013-04-23 15:58:53,052 INFO  [SchemaUtils] Added default schema from file:/usr/local/soapui-4.5.1/bin/soapui-4.5.1.jar!/com/eviware/soapui/resources/xsds/soapEnvelope12.xsd with targetNamespace http://www.w3.org/2003/05/soap-envelope
2013-04-23 15:58:53,064 INFO  [SchemaUtils] Added default schema from file:/usr/local/soapui-4.5.1/bin/soapui-4.5.1.jar!/com/eviware/soapui/resources/xsds/soapEncoding12.xsd with targetNamespace http://www.w3.org/2003/05/soap-encoding
2013-04-23 15:58:53,363 ERROR [WsdlLoader] Failed to load url [http://localhost:8084?wsdl]
2013-04-23 15:58:53,364 ERROR [SoapUI] An error occured [com.eviware.soapui.impl.support.definition.support.InvalidDefinitionException], see error log for details
2013-04-23 15:58:53,367 ERROR [errorlog] com.eviware.soapui.impl.support.definition.support.InvalidDefinitionException
com.eviware.soapui.impl.support.definition.support.InvalidDefinitionException
	at com.eviware.soapui.impl.wsdl.support.wsdl.WsdlLoader.loadXmlObject(WsdlLoader.java:138)
	at com.eviware.soapui.impl.wsdl.support.xsd.SchemaUtils.getDefinitionParts(SchemaUtils.java:535)
	at com.eviware.soapui.impl.wsdl.support.xsd.SchemaUtils.getDefinitionParts(SchemaUtils.java:524)
	at com.eviware.soapui.impl.support.definition.support.AbstractDefinitionCache.update(AbstractDefinitionCache.java:97)
	at com.eviware.soapui.impl.support.definition.support.AbstractDefinitionContext$Loader.construct(AbstractDefinitionContext.java:226)
	at com.eviware.soapui.support.swing.SwingWorkerDelegator.construct(SwingWorkerDelegator.java:46)
	at com.eviware.soapui.support.swing.SwingWorker$2.run(SwingWorker.java:149)
	at java.lang.Thread.run(Thread.java:722)
2013-04-23 16:00:00,735 INFO  [SchemaUtils] Loading schema types from [http://localhost:8084/repository?wsdl]
2013-04-23 16:00:00,736 INFO  [SchemaUtils] Getting schema http://localhost:8084/repository?wsdl
2013-04-23 16:00:00,744 INFO  [SchemaUtils] Getting schema http://localhost:8084/repository?xsd=1
2013-04-23 16:00:01,317 INFO  [WsdlImporter] Finding importer for {http://discovery/}RepositoryPortBinding
2013-04-23 16:00:01,347 INFO  [WsdlImporter] Importing binding {http://discovery/}RepositoryPortBinding
2013-04-23 16:00:01,399 INFO  [Soap11HttpBindingImporter] importing endpoint http://localhost:8084/repository
2013-04-23 16:00:01,545 INFO  [Soap11HttpBindingImporter] importing operation listAllServices
2013-04-23 16:00:01,633 INFO  [Soap11HttpBindingImporter] importing operation searchFor
2013-04-23 16:00:20,661 INFO  [AbstractHttpRequestDesktopPanel] Got response for [RepositoryPortBinding.listAllServices:Request 1] in 70ms (233 bytes)
2013-04-23 16:00:33,220 INFO  [AbstractHttpRequestDesktopPanel] Got response for [RepositoryPortBinding.searchFor:Request 1] in 282ms (454 bytes)
2013-04-23 17:09:53,497 INFO  [DefaultSoapUICore] Settings saved to [/usr/local/soapui-4.5.1/soapui-settings.xml]
2013-04-23 17:09:55,560 INFO  [WorkspaceImpl] Saved workspace to [/home/bissoqu1/Documents/Projets/Bdtheque/../../TestPBE-workspace.xml]
